"File: bicycle.c     Assembler  Version HGASM0202      Page 1


   1  0000              ; Generated by holtek-gcc v3.19, Mon Oct 30 19:36:38 2023
   2  0000              ; 
   3  0000              ; Configuration:
   4  0000              ;       with long instruction
   5  0000              ;       Multi-ROM, Multi-RAM
   6  0000              ;       bits_per_rom_unit:16
   7  0000              ;       with mp1
   8  0000              ;       with tbhp, address(0x9)
   9  0000              ;          Use tabrd-const
  10  0000              ;       
  11  0000              ; SFR address of long-instruction arch:
  12  0000              ;    mp0 = -1,1,0
  13  0000              ;    mp1 = 4,3,2
  14  0000              ;    mp2 = 14,13,12
  15  0000              ;    tbp = 9,7,8
  16  0000              ;    acc = 5
  17  0000              ;    pcl = 6
  18  0000              ;    status = 10
  19  0000              ;    bp = 11
  20  0000              ;    intc = 16
  21  0000              ;       
  22  0000              ;       
  23  0000              ; use 'tabrdc' instead of 'tabrd'
  24  0000              ;       
  25  0000              
  26  0000              #pragma translator "holtek-gcc 4.6.4" "3.19" "build 20130711"
  27  0000              ; Rebuild 718
  28  0000              
  29  0000              ir equ [2]
  30  0000              mp equ [3]
  31  0000              sbp equ [4]
  32  0000              acc equ [5]
  33  0000              bp equ [11]
  34  0000              tblp equ [7]
  35  0000              tbhp equ [9]
  36  0000              status equ [10]
  37  0000              c equ [10].0
  38  0000              ac equ [10].1
  39  0000              z equ [10].2
  40  0000              ov equ [10].3
  41  0000              cz equ [10].6
  42  0000              sc equ [10].7
  43  0000              intc equ [16]
  44  0000              mduwr0 equ [59h]
  45  0000              mduwr1 equ [5ah]
  46  0000              mduwr2 equ [5bh]
  47  0000              mduwr3 equ [5ch]
  48  0000              mduwr4 equ [5dh]
  49  0000              mduwr5 equ [5eh]
  50  0000              mduwrctrl equ [5fh]
  51  0000              
  52  0000              extern ra:byte
  53  0000              extern rb:byte
  54  0000              extern rc:byte
  55  0000              extern rd:byte
  56  0000              extern re:byte
  57  0000              extern rf:byte
  58  0000              extern rg:byte
  59  0000              extern rh:byte
"File: bicycle.ASM   Assembler  Version HGASM0202      Page 2

  60  0000              extern _Crom2Prom:near
  61  0000              extern _Crom2PromNext:near
  62  0000              
  63  0000              RAMBANK 0 @BITDATASEC, @BITDATASEC1
  64  0000              @HCCINIT	.section 'data'
  65  0000              @HCCINIT0	.section 'data'
  66  0000              @BITDATASEC	 .section 'data'
  67  0000              @BITDATASEC1	 .section 'data'
  68  0000              
  69  0000              #pragma debug scope 1 1
  70  0000              	extern __DELAY3:near
  71  0000              	extern __DELAYX3:near
  72  0000              	extern __DELAYX6:near
  73  0000              	extern __DELAYY5:near
  74  0000              	extern __DELAYY3:near
  75  0000              	extern _builtin_holtek_delay_2:byte
  76  0000              ___ph equ [42]
  77  0000              ___mfi4 equ [55]
  78  0000              public _ISR_STM2
  79  0000              #pragma debug scope 2 1

  40  0000              #line 40 "C:\Users\icetz\OneDrive\文件\HTK_Project\bicycle\bicycle.c"
  40  0000              rombank 0 @ISR_STM2_code
  40  0000              @ISR_STM2_code .section at 56 'code'
  40  0000  0080     E  	mov r1,a
  40  0001  070B        	mov a,bp
  40  0002  1F0B        	clr bp
  40  0003  2800     R  	jmp _ISR_STM2
  40  0004              ROMBANK 0 _ISR_STM2
  40  0004              #pragma debug scope 1 1
  40  0004              @dummy56 endp
  40  0004              #pragma debug scope 3 1
  40  0000              _ISR_STM2 .section 'code'
  40  0000              _ISR_STM2 proc
  40  0000  0080     E  	mov r2,a
  40  0001  070A        	mov a, status
  40  0002  0080     E  	mov r3,a
  40  0003  192A        	rra [42]
  40  0004  0E7F        	and a,07fh
  40  0005  0080     E  	mov ra,a
  40  0006  0F01        	mov a,1
  40  0007  0480     E  	xorm a,ra
  40  0008  0F01        	mov a,1
  40  0009  0680     E  	andm a,ra
  40  000A  0700     E  	mov a,ra
  40  000B  0380     E  	addm a,ra
  40  000C  34AA        	clr [42].1
  40  000D  0700     E  	mov a,ra
  40  000E  05AA        	orm a,[42]
  41  000F              #line 41 "C:\Users\icetz\OneDrive\文件\HTK_Project\bicycle\bicycle.c"
  41  000F  37B7        	clr [55].7
  41  0010  0700     E  	mov a,r2
  41  0011  008B        	mov bp,a
  41  0012  0700     E  	mov a,r3
  41  0013  008A        	mov status,a
  41  0014  0700     E  	mov a,r1
  41  0015  0004        	reti
  41  0016              _ISR_STM2 endp
  41  0016              
  41  0016              #line 41 "C:\Users\icetz\OneDrive\文件\HTK_Project\bicycle\bicycle.c"
"File: bicycle.c     Assembler  Version HGASM0202      Page 3

  41  0016              #pragma debug scope 1 1
  41  0016              public _Delayms
  41  0016              #pragma debug scope 4 1
  45  0016              #line 45 "C:\Users\icetz\OneDrive\文件\HTK_Project\bicycle\bicycle.c"
  45  0000              _Delayms .section 'code'
  45  0000              _Delayms proc
  45  0000              public _Delayms_2
  45  0000  0002[           local _Delayms_2 db 2 dup(?)	; 2,0
            00
            ]
  45  0002              #pragma debug variable 10 4 _Delayms_2+0 "del"
  46  0002              #line 46 "C:\Users\icetz\OneDrive\文件\HTK_Project\bicycle\bicycle.c"
  46  0000  1F00     E  	clr rb
  46  0001  1F00     E  	clr rc
  46  0002  2800     R  	jmp _L3
  46  0003              _L4:
  46  0003              #line 46 "C:\Users\icetz\OneDrive\文件\HTK_Project\bicycle\bicycle.c"
  46  0003              ;# 46 "C:\Users\icetz\OneDrive\文件\HTK_Project\bicycle\bicycle.c" 1
  46  0003              	IF 2000>263690
  46  0003              ;# 46 "C:\Users\icetz\OneDrive\文件\HTK_Project\bicycle\bicycle.c" 1
  46  0003              	ERRMESSAGE 'the value 2000of the argument exceeds the maxinum 263690'
  46  0003              	ENDIF
  46  0003              ;# 46 "C:\Users\icetz\OneDrive\文件\HTK_Project\bicycle\bicycle.c" 1
  46  0003              	IF 2000<0
  46  0003              ;# 46 "C:\Users\icetz\OneDrive\文件\HTK_Project\bicycle\bicycle.c" 1
  46  0003              	ERRMESSAGE 'the value 2000 of the argument exceeds the mininum 0'
  46  0003              	ENDIF
  46  0003              ;# 46 "C:\Users\icetz\OneDrive\文件\HTK_Project\bicycle\bicycle.c" 1
  46  0003              	IF 2000==0
  46  0003              ;# 46 "C:\Users\icetz\OneDrive\文件\HTK_Project\bicycle\bicycle.c" 1
  46  0003              	JMP $
  46  0003              	ENDIF
  46  0003              ;# 46 "C:\Users\icetz\OneDrive\文件\HTK_Project\bicycle\bicycle.c" 1
  46  0003              	IF (2000>=1) AND (2000<( 4 + __PBP__ * 2))
  46  0003              ;# 46 "C:\Users\icetz\OneDrive\文件\HTK_Project\bicycle\bicycle.c" 1
  46  0003              	NOP
  46  0003              	ENDIF
  46  0003              ;# 46 "C:\Users\icetz\OneDrive\文件\HTK_Project\bicycle\bicycle.c" 1
  46  0003              	IF (2000>=2) AND (2000<( 4 + __PBP__ * 2))
  46  0003              ;# 46 "C:\Users\icetz\OneDrive\文件\HTK_Project\bicycle\bicycle.c" 1
  46  0003              	NOP
  46  0003              	ENDIF
  46  0003              ;# 46 "C:\Users\icetz\OneDrive\文件\HTK_Project\bicycle\bicycle.c" 1
  46  0003              	IF (2000>=3) AND (2000<( 4 + __PBP__ * 2))
  46  0003              ;# 46 "C:\Users\icetz\OneDrive\文件\HTK_Project\bicycle\bicycle.c" 1
  46  0003              	NOP
  46  0003              	ENDIF
  46  0003              ;# 46 "C:\Users\icetz\OneDrive\文件\HTK_Project\bicycle\bicycle.c" 1
  46  0003              	IF (2000>=4) AND (2000<( 4 + __PBP__ * 2)) AND ( __PBP__ > 0 )
  46  0003              ;# 46 "C:\Users\icetz\OneDrive\文件\HTK_Project\bicycle\bicycle.c" 1
  46  0003              	NOP
  46  0003              	ENDIF
  46  0003              ;# 46 "C:\Users\icetz\OneDrive\文件\HTK_Project\bicycle\bicycle.c" 1
  46  0003              	IF (2000>=5) AND (2000<( 4 + __PBP__ * 2)) AND ( __PBP__ > 0 )
  46  0003              ;# 46 "C:\Users\icetz\OneDrive\文件\HTK_Project\bicycle\bicycle.c" 1
  46  0003              	NOP
  46  0003              	ENDIF
  46  0003              ;# 46 "C:\Users\icetz\OneDrive\文件\HTK_Project\bicycle\bicycle.c" 1
  46  0003              	IF (2000>=6) AND (2000<( 4 + __PBP__ * 2))  AND ( __PBP__ > 1 )
  46  0003              ;# 46 "C:\Users\icetz\OneDrive\文件\HTK_Project\bicycle\bicycle.c" 1
"File: bicycle.c     Assembler  Version HGASM0202      Page 4

  46  0003              	NOP
  46  0003              	ENDIF
  46  0003              ;# 46 "C:\Users\icetz\OneDrive\文件\HTK_Project\bicycle\bicycle.c" 1
  46  0003              	IF (2000>=7) AND (2000<( 4 + __PBP__ * 2))  AND ( __PBP__ > 1 )
  46  0003              ;# 46 "C:\Users\icetz\OneDrive\文件\HTK_Project\bicycle\bicycle.c" 1
  46  0003              	NOP
  46  0003              	ENDIF
  46  0003              ;# 46 "C:\Users\icetz\OneDrive\文件\HTK_Project\bicycle\bicycle.c" 1
  46  0003              	IF (2000>=8) AND (2000<( 4 + __PBP__ * 2))  AND ( __PBP__ > 2 )
  46  0003              ;# 46 "C:\Users\icetz\OneDrive\文件\HTK_Project\bicycle\bicycle.c" 1
  46  0003              	NOP
  46  0003              	ENDIF
  46  0003              ;# 46 "C:\Users\icetz\OneDrive\文件\HTK_Project\bicycle\bicycle.c" 1
  46  0003              	IF (2000==9)  AND ( __PBP__ > 2 )
  46  0003              ;# 46 "C:\Users\icetz\OneDrive\文件\HTK_Project\bicycle\bicycle.c" 1
  46  0003              	NOP
  46  0003              	ENDIF
  46  0003              ;# 46 "C:\Users\icetz\OneDrive\文件\HTK_Project\bicycle\bicycle.c" 1
  46  0003              	IF (2000< ( 8 + __PBP__ * 2)) AND (2000>( 3 + __PBP__ * 2))
  46  0003              ;# 46 "C:\Users\icetz\OneDrive\文件\HTK_Project\bicycle\bicycle.c" 1
  46  0003              	fcall __DELAY3 + ( 7 + __PBP__ * 2) -2000
  46  0003              	ENDIF
  46  0003              ;# 46 "C:\Users\icetz\OneDrive\文件\HTK_Project\bicycle\bicycle.c" 1
  46  0003              	IF (2000< ( 0404h + __PBP__ * 2)) AND (2000>( 7 + __PBP__ * 2))
  46  0003              ;# 46 "C:\Users\icetz\OneDrive\文件\HTK_Project\bicycle\bicycle.c" 1
  46  0003              	MOV A,(2000-( 4 + __PBP__ * 2))/4
  46  0003              ;# 46 "C:\Users\icetz\OneDrive\文件\HTK_Project\bicycle\bicycle.c" 1
  46  0003              	fcall __DELAYX3 + 3 -((2000-( 4 + __PBP__ * 2)) MOD 4) 
  46  0003              	ENDIF
  46  0003              ;# 46 "C:\Users\icetz\OneDrive\文件\HTK_Project\bicycle\bicycle.c" 1
  46  0003              	IF (2000< ( 040bh + __PBP__ * 2)) AND (2000> ( 0403h + __PBP__ * 2))
  46  0003              ;# 46 "C:\Users\icetz\OneDrive\文件\HTK_Project\bicycle\bicycle.c" 1
  46  0003              	MOV A,0 
  46  0003              ;# 46 "C:\Users\icetz\OneDrive\文件\HTK_Project\bicycle\bicycle.c" 1
  46  0003              	fcall __DELAYX6 + ( 040ah + __PBP__ * 2) -2000
  46  0003              	ENDIF
  46  0003              ;# 46 "C:\Users\icetz\OneDrive\文件\HTK_Project\bicycle\bicycle.c" 1
  46  0003              	IF (2000 >= ( 040bh + __PBP__ * 2)) AND ((((2000-( 9 + __PBP__ * 2))%0402h)/4+1)>256)
  46  0003              ;# 46 "C:\Users\icetz\OneDrive\文件\HTK_Project\bicycle\bicycle.c" 1
  46  0003              	MOV A,(2000-( 9 + __PBP__ * 2))/0402h
  46  0003              ;# 46 "C:\Users\icetz\OneDrive\文件\HTK_Project\bicycle\bicycle.c" 1
  46  0003              	MOV _builtin_holtek_delay_2,A
  46  0003              ;# 46 "C:\Users\icetz\OneDrive\文件\HTK_Project\bicycle\bicycle.c" 1
  46  0003              	MOV A,0
  46  0003              ;# 46 "C:\Users\icetz\OneDrive\文件\HTK_Project\bicycle\bicycle.c" 1
  46  0003              	fcall __DELAYY5 +5- (((2000-( 9 + __PBP__ * 2))%0402h)%6) 
  46  0003              	ENDIF
  46  0003              ;# 46 "C:\Users\icetz\OneDrive\文件\HTK_Project\bicycle\bicycle.c" 1
  46  0003              	IF (2000 >= ( 040bh + __PBP__ * 2)) AND ((((2000-( 9 + __PBP__ * 2))%0402h)/4+1)<=256)
  46  0003              ;# 46 "C:\Users\icetz\OneDrive\文件\HTK_Project\bicycle\bicycle.c" 1
  46  0003  0F01        	MOV A,(2000-( 9 + __PBP__ * 2))/0402h
  46  0004              ;# 46 "C:\Users\icetz\OneDrive\文件\HTK_Project\bicycle\bicycle.c" 1
  46  0004  0080     E  	MOV _builtin_holtek_delay_2,A
  46  0005              ;# 46 "C:\Users\icetz\OneDrive\文件\HTK_Project\bicycle\bicycle.c" 1
  46  0005  0FF0        	MOV A,((2000-( 9 + __PBP__ * 2))%0402h)/4+1
  46  0006              ;# 46 "C:\Users\icetz\OneDrive\文件\HTK_Project\bicycle\bicycle.c" 1
  46  0006              	fcall __DELAYY3 +3-(((2000-( 9 + __PBP__ * 2))%0402h)%4) 
  46  000D              	ENDIF
  46  000D  1480     E  	inc rb
  46  000E  3D0A        	sz z
"File: bicycle.c     Assembler  Version HGASM0202      Page 5

  46  000F  1480     E  	inc rc
  46  0010              _L3:
  46  0010  0700     E  	mov a,rb
  46  0011  0200     R  	sub a,_Delayms_2[0]
  46  0012  0700     E  	mov a,rc
  46  0013  1200     R  	sbc a,_Delayms_2[1]
  46  0014  3B0A        	snz cz
  46  0015  2800     R  	jmp _L4
  46  0016  0003        	ret
  46  0017              _Delayms endp
  46  0017              #line 46 "C:\Users\icetz\OneDrive\文件\HTK_Project\bicycle\bicycle.c"
  46  0017              #pragma debug scope 1 1
  46  0017              ___wdtc equ [62]
  46  0017              ___pdc equ [31]
  46  0017              ___pd equ [30]
  46  0017              ___stm2c0 equ [313]
  46  0017              ___stm2c1 equ [314]
  46  0017              ___stm2al equ [317]
  46  0017              ___stm2ah equ [318]
  46  0017              ___phc equ [43]
  46  0017              ___intc3 equ [19]
  46  0017              ___intc0 equ [16]
  46  0017              public _main
  46  0017              #pragma debug scope 5 1
  17  0017              #line 17 "C:\Users\icetz\OneDrive\文件\HTK_Project\bicycle\bicycle.c"
  17  0017              IFDEF WITH_DEFAULT_STARTUP
  17  0017              extern _main_initial0:near
  17  0017              extern _main_startup:near
  17  0017              ENDIF
  17  0017              
  17  0017              ROMBANK 0 @start
  17  0000              @start .section com_l 'code'
  17  0000              _main_startup1:
  17  0000              @start .section com_e 'code'
  17  0000  0F00     R  	mov a,bank _main
  17  0001  008B        	mov bp,a
  17  0002  2800     R  	jmp _main
  17  0003              
  17  0000              _main .section 'code'
  17  0000              _main proc
  18  0000              #line 18 "C:\Users\icetz\OneDrive\文件\HTK_Project\bicycle\bicycle.c"
  18  0000  0FAF        	mov a,175
  18  0001  00BE        	mov [62],a
  19  0002              #line 19 "C:\Users\icetz\OneDrive\文件\HTK_Project\bicycle\bicycle.c"
  19  0002  0F0A        	mov a,10
  19  0003  009F        	mov [31],a
  20  0004              #line 20 "C:\Users\icetz\OneDrive\文件\HTK_Project\bicycle\bicycle.c"
  20  0004  341E        	clr [30].0
  21  0005              #line 21 "C:\Users\icetz\OneDrive\文件\HTK_Project\bicycle\bicycle.c"
  21  0005  351E        	clr [30].2
  22  0006              #line 22 "C:\Users\icetz\OneDrive\文件\HTK_Project\bicycle\bicycle.c"
  22  0006  361E        	clr [30].4
  23  0007              #line 23 "C:\Users\icetz\OneDrive\文件\HTK_Project\bicycle\bicycle.c"
  23  0007  0F20        	mov a,32
  23  0008  80B9 0001   	lmov [313],a
  24  000A              #line 24 "C:\Users\icetz\OneDrive\文件\HTK_Project\bicycle\bicycle.c"
  24  000A  0FC1        	mov a,193
  24  000B  80BA 0001   	lmov [314],a
  25  000D              #line 25 "C:\Users\icetz\OneDrive\文件\HTK_Project\bicycle\bicycle.c"
  25  000D  0F50        	mov a,80
"File: bicycle.c     Assembler  Version HGASM0202      Page 6

  25  000E  80BD 0001   	lmov [317],a
  25  0010  0FC3        	mov a,195
  25  0011  80BE 0001   	lmov [318],a
  26  0013              #line 26 "C:\Users\icetz\OneDrive\文件\HTK_Project\bicycle\bicycle.c"
  26  0013  34AB        	clr [43].1
  26  0014  342B        	clr [43].0
  27  0015              #line 27 "C:\Users\icetz\OneDrive\文件\HTK_Project\bicycle\bicycle.c"
  27  0015  34AA        	clr [42].1
  27  0016  342A        	clr [42].0
  28  0017              #line 28 "C:\Users\icetz\OneDrive\文件\HTK_Project\bicycle\bicycle.c"
  28  0017  31B7        	set [55].3
  28  0018  3113        	set [19].2
  28  0019  3010        	set [16].0
  29  001A              #line 29 "C:\Users\icetz\OneDrive\文件\HTK_Project\bicycle\bicycle.c"
  29  001A  B1B9 0001   	lset [313].3
  29  001C              _L7:
  31  001C              #line 31 "C:\Users\icetz\OneDrive\文件\HTK_Project\bicycle\bicycle.c"
  31  001C  072A        	mov a,[42]
  31  001D  0E01        	and a,1
  31  001E  0080     E  	mov ra,a
  31  001F  0F01        	mov a,1
  31  0020  0480     E  	xorm a,ra
  31  0021  342A        	clr [42].0
  31  0022  0700     E  	mov a,ra
  31  0023  05AA        	orm a,[42]
  32  0024              #line 32 "C:\Users\icetz\OneDrive\文件\HTK_Project\bicycle\bicycle.c"
  32  0024  0FE8        	mov a,-24
  32  0025  0080     R  	mov _Delayms_2[0],a
  32  0026  0F03        	mov a,3
  32  0027  0080     R  	mov _Delayms_2[1],a
  32  0028              	fcall _Delayms
  32  002F  2800     R  	jmp _L7
  32  0030  2800     R  	jmp $
  32  0031              _main endp
  32  0031              
  32  0031              @dummy endp
  32  0031              
  32  0031              #line 32 "C:\Users\icetz\OneDrive\文件\HTK_Project\bicycle\bicycle.c"
  32  0031              #pragma debug scope 1 1
  32  0031              #pragma debug struct_end
  32  0031              #pragma debug struct_end
  32  0031              #pragma debug union_end
  32  0031              #pragma debug union_end
  32  0031              #pragma debug variable 43 1 ___intc0 "__intc0" 1
  32  0031              #pragma debug struct_end
  32  0031              #pragma debug struct_end
  32  0031              #pragma debug union_end
  32  0031              #pragma debug union_end
  32  0031              #pragma debug variable 45 1 ___intc3 "__intc3" 1
  32  0031              #pragma debug struct_end
  32  0031              #pragma debug struct_end
  32  0031              #pragma debug union_end
  32  0031              #pragma debug union_end
  32  0031              #pragma debug variable 47 1 ___pd "__pd" 1
  32  0031              #pragma debug struct_end
  32  0031              #pragma debug struct_end
  32  0031              #pragma debug union_end
  32  0031              #pragma debug union_end
  32  0031              #pragma debug variable 49 1 ___pdc "__pdc" 1
  32  0031              #pragma debug struct_end
"File: bicycle.c     Assembler  Version HGASM0202      Page 7

  32  0031              #pragma debug struct_end
  32  0031              #pragma debug union_end
  32  0031              #pragma debug union_end
  32  0031              #pragma debug variable 51 1 ___ph "__ph" 1
  32  0031              #pragma debug struct_end
  32  0031              #pragma debug struct_end
  32  0031              #pragma debug union_end
  32  0031              #pragma debug union_end
  32  0031              #pragma debug variable 53 1 ___phc "__phc" 1
  32  0031              #pragma debug struct_end
  32  0031              #pragma debug struct_end
  32  0031              #pragma debug union_end
  32  0031              #pragma debug union_end
  32  0031              #pragma debug variable 55 1 ___mfi4 "__mfi4" 1
  32  0031              #pragma debug struct_end
  32  0031              #pragma debug struct_end
  32  0031              #pragma debug union_end
  32  0031              #pragma debug union_end
  32  0031              #pragma debug variable 57 1 ___wdtc "__wdtc" 1
  32  0031              #pragma debug struct_end
  32  0031              #pragma debug struct_end
  32  0031              #pragma debug union_end
  32  0031              #pragma debug union_end
  32  0031              #pragma debug variable 59 1 ___stm2c0 "__stm2c0" 1
  32  0031              #pragma debug struct_end
  32  0031              #pragma debug struct_end
  32  0031              #pragma debug union_end
  32  0031              #pragma debug union_end
  32  0031              #pragma debug variable 61 1 ___stm2c1 "__stm2c1" 1
  32  0031              #pragma debug variable 8 1 ___stm2al "__stm2al" 1
  32  0031              #pragma debug variable 8 1 ___stm2ah "__stm2ah" 1
  32  0031              extern r1:byte
  32  0031              extern r2:byte
  32  0031              extern r3:byte
  17  0031              #line 17 "C:\Users\icetz\OneDrive\文件\HTK_Project\bicycle\bicycle.c"
  17  0000              @code .section at 0 'code'
  17  0000  1F0B        	clr bp
  17  0001  2800     R  	jmp _main_startup1
  17  0002              
  17  0002              
  17  0002              ; 
  17  0002              ; Generated by holtek-gcc v3.19, Mon Oct 30 19:36:38 2023
  17  0002              ; Rebuild 718
  17  0002              ; end of file


        0 Errors, 0